mode: set
github.com/pavaudon/bookings/internal/handlers/handlers.go:24.47,28.2 1 1
github.com/pavaudon/bookings/internal/handlers/handlers.go:31.33,33.2 1 1
github.com/pavaudon/bookings/internal/handlers/handlers.go:35.67,41.2 3 1
github.com/pavaudon/bookings/internal/handlers/handlers.go:43.68,54.2 5 1
github.com/pavaudon/bookings/internal/handlers/handlers.go:57.74,65.2 4 1
github.com/pavaudon/bookings/internal/handlers/handlers.go:68.78,70.16 2 1
github.com/pavaudon/bookings/internal/handlers/handlers.go:70.16,73.3 2 0
github.com/pavaudon/bookings/internal/handlers/handlers.go:75.2,87.19 6 1
github.com/pavaudon/bookings/internal/handlers/handlers.go:87.19,96.3 4 0
github.com/pavaudon/bookings/internal/handlers/handlers.go:98.2,99.66 2 1
github.com/pavaudon/bookings/internal/handlers/handlers.go:103.71,105.2 1 1
github.com/pavaudon/bookings/internal/handlers/handlers.go:108.69,110.2 1 1
github.com/pavaudon/bookings/internal/handlers/handlers.go:113.75,115.2 1 1
github.com/pavaudon/bookings/internal/handlers/handlers.go:118.79,123.2 3 1
github.com/pavaudon/bookings/internal/handlers/handlers.go:131.79,138.16 3 1
github.com/pavaudon/bookings/internal/handlers/handlers.go:138.16,140.3 1 0
github.com/pavaudon/bookings/internal/handlers/handlers.go:142.2,144.14 3 1
github.com/pavaudon/bookings/internal/handlers/handlers.go:147.70,149.2 1 1
github.com/pavaudon/bookings/internal/handlers/handlers.go:151.81,153.9 2 1
github.com/pavaudon/bookings/internal/handlers/handlers.go:153.9,158.3 4 1
github.com/pavaudon/bookings/internal/handlers/handlers.go:160.2,166.4 4 0
